<?xml version="1.0" encoding="UTF-8"?>
<!-- Generated by org.testng.reporters.JUnitXMLReporter -->
<testsuite hostname="PTL07706" name="Test" tests="5" failures="0" timestamp="4 Aug 2019 10:04:58 GMT" time="36.942" errors="0">
  <testcase name="logintest" time="7.881" classname="testScripts.loginTest"/>
  <testcase name="onepersoneway" time="8.295" classname="testScripts.Oneway"/>
  <testcase name="Twopersoneway" time="7.659" classname="testScripts.Twoway"/>
  <testcase name="Twopersontwoway" time="7.403" classname="testScripts.Twoway"/>
  <testcase name="loginTest" time="0.0" classname="logicTest.dataproviderconcept">
    <skipped/>
  </testcase> <!-- loginTest -->
</testsuite> <!-- Test -->
