<?xml version="1.0" encoding="UTF-8"?>
<!-- Generated by org.testng.reporters.JUnitXMLReporter -->
<testsuite hostname="PTL07706" name="Test" tests="5" failures="0" timestamp="1 Aug 2019 11:09:17 GMT" time="120.329" errors="0">
  <testcase name="logintest" time="98.852" classname="testScripts.loginTest"/>
  <testcase name="onepersoneway" time="7.027" classname="testScripts.Oneway"/>
  <testcase name="Twopersoneway" time="6.557" classname="testScripts.Twoway"/>
  <testcase name="Twopersontwoway" time="6.447" classname="testScripts.Twoway"/>
  <testcase name="loginTest" time="0.0" classname="logicTest.dataproviderconcept">
    <skipped/>
  </testcase> <!-- loginTest -->
</testsuite> <!-- Test -->
